Sat May 19 2018 10:41:27 GMT+0200 (Central Europe Daylight Time): GET /
Sat May 19 2018 10:42:47 GMT+0200 (Central Europe Daylight Time): GET /about
Sat May 19 2018 10:46:09 GMT+0200 (Central Europe Daylight Time): GET /aboutasd
Sat May 19 2018 10:46:13 GMT+0200 (Central Europe Daylight Time): GET /bad
Sat May 19 2018 10:46:42 GMT+0200 (Central Europe Daylight Time): GET /
Sat May 19 2018 12:06:15 GMT+0200 (Central Europe Daylight Time): GET /
Sat May 19 2018 12:07:38 GMT+0200 (Central Europe Daylight Time): GET /
Sat May 19 2018 12:14:24 GMT+0200 (Central Europe Daylight Time): GET /
Sat May 19 2018 12:14:26 GMT+0200 (Central Europe Daylight Time): GET /project
Sat May 19 2018 12:16:49 GMT+0200 (Central Europe Daylight Time): GET /project
Sat May 19 2018 12:17:07 GMT+0200 (Central Europe Daylight Time): GET /
Sat May 19 2018 12:17:09 GMT+0200 (Central Europe Daylight Time): GET /project
Sat May 19 2018 12:17:23 GMT+0200 (Central Europe Daylight Time): GET /project
Sat May 19 2018 12:18:06 GMT+0200 (Central Europe Daylight Time): GET /
Sat May 19 2018 12:18:53 GMT+0200 (Central Europe Daylight Time): GET /project
Sat May 19 2018 12:19:18 GMT+0200 (Central Europe Daylight Time): GET /project
Sat May 19 2018 12:19:22 GMT+0200 (Central Europe Daylight Time): GET /about
Sat May 19 2018 12:19:24 GMT+0200 (Central Europe Daylight Time): GET /
Sat May 19 2018 12:19:26 GMT+0200 (Central Europe Daylight Time): GET /project
Sat May 19 2018 12:19:45 GMT+0200 (Central Europe Daylight Time): GET /project
Sat May 19 2018 12:19:51 GMT+0200 (Central Europe Daylight Time): GET /
Sat May 19 2018 12:19:54 GMT+0200 (Central Europe Daylight Time): GET /about
Sat May 19 2018 12:19:56 GMT+0200 (Central Europe Daylight Time): GET /project
